<?xml version="1.0" encoding="UTF-8"?>
<!-- Generated by org.testng.reporters.JUnitReportReporter -->
<testsuite hostname="Ashish" failures="0" tests="2" name="testClassess.Logout_Test" time="100.984" errors="0" timestamp="2024-02-16T14:54:13 IST" skipped="0">
  <testcase classname="testClassess.Logout_Test" name="test" time="49.989"/>
  <testcase classname="testClassess.Logout_Test" name="userLogout" time="50.995"/>
</testsuite> <!-- testClassess.Logout_Test -->
