<?xml version="1.0" encoding="UTF-8"?>
<!-- Generated by org.testng.reporters.JUnitReportReporter -->
<testsuite hostname="Ashish" failures="0" tests="1" name="testClassess.PunchInPunchOut_Test" time="21.944" errors="0" timestamp="2024-02-11T00:42:29 IST" skipped="0">
  <testcase classname="testClassess.PunchInPunchOut_Test" name="InAndOutPunch" time="21.944"/>
</testsuite> <!-- testClassess.PunchInPunchOut_Test -->
