<?xml version="1.0" encoding="UTF-8"?>
<!-- Generated by org.testng.reporters.JUnitReportReporter -->
<testsuite hostname="Ashish" failures="0" tests="1" name="testClassess.Dashboard_Test" time="17.172" errors="0" timestamp="2024-02-10T23:06:54 IST" skipped="0">
  <testcase classname="testClassess.Dashboard_Test" name="DashboardEventsViewName" time="17.172"/>
</testsuite> <!-- testClassess.Dashboard_Test -->
