<?xml version="1.0" encoding="UTF-8"?>
<!-- Generated by org.testng.reporters.JUnitReportReporter -->
<testsuite hostname="Ashish" failures="0" tests="1" name="testClassess.Test1" time="21.796" errors="0" timestamp="2023-12-03T19:50:54 IST" skipped="0">
  <testcase classname="testClassess.Test1" name="test1" time="21.796"/>
  <system-out/>
</testsuite> <!-- testClassess.Test1 -->
