<?xml version="1.0" encoding="UTF-8"?>
<!-- Generated by org.testng.reporters.JUnitReportReporter -->
<testsuite hostname="Ashish" failures="0" tests="1" name="testClassess.LoginTest" time="13.807" errors="0" timestamp="2023-12-10T11:32:54 IST" skipped="0">
  <testcase classname="testClassess.LoginTest" name="login" time="13.807"/>
  <system-out/>
</testsuite> <!-- testClassess.LoginTest -->
