<?xml version="1.0" encoding="UTF-8"?>
<!-- Generated by org.testng.reporters.JUnitReportReporter -->
<testsuite hostname="Ashish" failures="0" tests="1" name="testClassess.Dashboard_Test" time="22.451" errors="0" timestamp="2024-02-11T23:45:30 IST" skipped="0">
  <testcase classname="testClassess.Dashboard_Test" name="testDashboardEvents" time="22.451"/>
</testsuite> <!-- testClassess.Dashboard_Test -->
