<?xml version="1.0" encoding="UTF-8"?>
<!-- Generated by org.testng.reporters.JUnitReportReporter -->
<testsuite hostname="Ashish" failures="0" tests="1" name="testClassess.LoginTest" time="15.676" errors="0" timestamp="2024-01-22T09:40:02 IST" skipped="0">
  <testcase classname="testClassess.LoginTest" name="login" time="15.676"/>
</testsuite> <!-- testClassess.LoginTest -->
