<?xml version="1.0" encoding="UTF-8"?>
<!-- Generated by org.testng.reporters.JUnitReportReporter -->
<testsuite hostname="Ashish" failures="0" tests="1" name="testClassess.DashboardTest" time="20.301" errors="0" timestamp="2024-02-10T01:35:01 IST" skipped="0">
  <testcase classname="testClassess.DashboardTest" name="DashboardEventsViewName" time="20.301"/>
</testsuite> <!-- testClassess.DashboardTest -->
