<?xml version="1.0" encoding="UTF-8"?>
<!-- Generated by org.testng.reporters.JUnitReportReporter -->
<testsuite hostname="Ashish" failures="0" tests="1" name="testClassess.DashboardTest" time="14.274" errors="0" timestamp="2024-02-02T01:14:58 IST" skipped="0">
  <testcase classname="testClassess.DashboardTest" name="DashboardEventsViewName" time="14.274"/>
</testsuite> <!-- testClassess.DashboardTest -->
