<?xml version="1.0" encoding="UTF-8"?>
<!-- Generated by org.testng.reporters.JUnitReportReporter -->
<testsuite hostname="Ashish" failures="0" tests="1" name="testClassess.LoginTest" time="32.741" errors="0" timestamp="2024-01-19T22:56:39 IST" skipped="0">
  <testcase classname="testClassess.LoginTest" name="login" time="32.741"/>
  <system-out/>
</testsuite> <!-- testClassess.LoginTest -->
